{"logLevel":"debug","message":"multithreading is set to false"}
{"logLevel":"debug","message":"Using reflection to scan dependencies for gauge implementations..."}
SLF4J: Failed to load class "org.slf4j.impl.StaticLoggerBinder".
SLF4J: Defaulting to no-operation (NOP) logger implementation
SLF4J: See http://www.slf4j.org/codes.html#StaticLoggerBinder for further details.
{"logLevel":"debug","message":"gauge-java took 3268milliseconds to load and scan. This should be less than 'runner_connection_timeout' config value."}
{"logLevel":"debug","message":"run 'gauge config runner_connection_timeout' and verify that it is < 3268"}
{"logLevel":"debug","message":"starting gRPC server..."}
{"logLevel":"debug","message":"started gRPC server on port 38001"}
{"logLevel":"info","message":"Listening on port:38001"}
{"logLevel":"debug","message":"Scanning packages for steps"}
{"logLevel":"debug","message":"Comparing 'StepImplementation.goToElixr' and 'StepImplementation.goToElixr'"}
{"logLevel":"debug","message":"Found Go to elixr in current project scope."}
{"logLevel":"debug","message":"Comparing 'StepImplementation.pageTitle' and 'StepImplementation.pageTitle'"}
{"logLevel":"debug","message":"Found Page title in current project scope."}
{"logLevel":"debug","message":"Comparing 'StepImplementation.validateThePageTitle' and 'StepImplementation.validateThePageTitle'"}
{"logLevel":"debug","message":"Found Validate the page title in current project scope."}
{"logLevel":"debug","message":"Comparing 'StepImplementation.validateTitlepage' and 'StepImplementation.validateTitlepage'"}
{"logLevel":"debug","message":"Found Validate titlePage in current project scope."}
{"logLevel":"debug","message":"Comparing 'StepImplementation.goToOnboard' and 'StepImplementation.goToOnboard'"}
{"logLevel":"debug","message":"Found Go to onboard in current project scope."}
{"logLevel":"debug","message":"Comparing 'StepImplementation.goToXs' and 'StepImplementation.goToXs'"}
{"logLevel":"debug","message":"Found Go to xs in current project scope."}
{"logLevel":"debug","message":"Scanning packages for hooks"}
{"logLevel":"debug","message":"Scanned steps (using static parsing + reflections): "}
{"logLevel":"debug","message":"\tGo to elixr : public void goToElixr() throws InterruptedException"}
{"logLevel":"debug","message":"\tGo to onboard : public void goToOnboard() throws InterruptedException"}
{"logLevel":"debug","message":"\tValidate titlePage : public void validateTitlepage() throws InterruptedException"}
{"logLevel":"debug","message":"\tValidate the page title : public void validateThePageTitle() throws InterruptedException"}
{"logLevel":"debug","message":"\tPage title : public void pageTitle()"}
{"logLevel":"debug","message":"\tGo to xs : public void goToXs() throws InterruptedException"}
Starting ChromeDriver 104.0.5112.79 (3cf3e8c8a07d104b9e1260c910efb8f383285dc5-refs/branch-heads/5112@{#1307}) on port 6345
Only local connections are allowed.
Please see https://chromedriver.chromium.org/security-considerations for suggestions on keeping ChromeDriver safe.
ChromeDriver was started successfully.
Aug 29, 2022 11:44:36 AM org.openqa.selenium.remote.ProtocolHandshake createSession
INFO: Detected dialect: W3C
{"logLevel":"debug","message":"Executing 'Go to elixr' using 'class StepImplementation.goToElixr"}
{"logLevel":"debug","message":"Executing 'Page title' using 'class StepImplementation.pageTitle"}
{"logLevel":"debug","message":"Killing Java runner..."}
{"logLevel":"debug","message":"Stopping execution pool..."}
{"logLevel":"debug","message":"Shutting down grpc server..."}
{"logLevel":"debug","message":"Runner killed gracefully."}
