{"logLevel":"debug","message":"multithreading is set to false"}
{"logLevel":"debug","message":"Using reflection to scan dependencies for gauge implementations..."}
SLF4J: Failed to load class "org.slf4j.impl.StaticLoggerBinder".
SLF4J: Defaulting to no-operation (NOP) logger implementation
SLF4J: See http://www.slf4j.org/codes.html#StaticLoggerBinder for further details.
{"logLevel":"debug","message":"gauge-java took 1070milliseconds to load and scan. This should be less than 'runner_connection_timeout' config value."}
{"logLevel":"debug","message":"run 'gauge config runner_connection_timeout' and verify that it is < 1070"}
{"logLevel":"debug","message":"starting gRPC server..."}
{"logLevel":"debug","message":"started gRPC server on port 45877"}
{"logLevel":"info","message":"Listening on port:45877"}
{"logLevel":"debug","message":"Scanning packages for steps"}
{"logLevel":"debug","message":"Comparing 'StepImplementation.goToElixr' and 'StepImplementation.goToElixr'"}
{"logLevel":"debug","message":"Found Go to elixr in current project scope."}
{"logLevel":"debug","message":"Comparing 'StepImplementation.pageTitle' and 'StepImplementation.pageTitle'"}
{"logLevel":"debug","message":"Found Page title in current project scope."}
{"logLevel":"debug","message":"Comparing 'StepImplementation.validateThePageTitle' and 'StepImplementation.validateThePageTitle'"}
{"logLevel":"debug","message":"Found Validate the page title in current project scope."}
{"logLevel":"debug","message":"Comparing 'StepImplementation.validateTitlepage' and 'StepImplementation.validateTitlepage'"}
{"logLevel":"debug","message":"Found Validate titlePage in current project scope."}
{"logLevel":"debug","message":"Comparing 'StepImplementation.goToOnboard' and 'StepImplementation.goToOnboard'"}
{"logLevel":"debug","message":"Found Go to onboard in current project scope."}
{"logLevel":"debug","message":"Comparing 'StepImplementation.goToXs' and 'StepImplementation.goToXs'"}
{"logLevel":"debug","message":"Found Go to xs in current project scope."}
{"logLevel":"debug","message":"Scanning packages for hooks"}
{"logLevel":"debug","message":"Scanned steps (using static parsing + reflections): "}
{"logLevel":"debug","message":"\tGo to elixr : public void goToElixr() throws InterruptedException"}
{"logLevel":"debug","message":"\tGo to onboard : public void goToOnboard() throws InterruptedException"}
{"logLevel":"debug","message":"\tValidate titlePage : public void validateTitlepage() throws InterruptedException"}
{"logLevel":"debug","message":"\tValidate the page title : public void validateThePageTitle() throws InterruptedException"}
{"logLevel":"debug","message":"\tPage title : public void pageTitle()"}
{"logLevel":"debug","message":"\tGo to xs : public void goToXs() throws InterruptedException"}
{"logLevel":"debug","message":"Killing Java runner..."}
{"logLevel":"debug","message":"Stopping execution pool..."}
{"logLevel":"debug","message":"Shutting down grpc server..."}
{"logLevel":"debug","message":"Runner killed gracefully."}
